<?xml version="1.0" encoding="UTF-8"?>
<testng-results ignored="0" total="2" passed="2" failed="0" skipped="0">
  <reporter-output>
  </reporter-output>
  <suite started-at="2024-11-16T22:52:10 ICT" name="Default suite" finished-at="2024-11-16T22:52:10 ICT" duration-ms="61">
    <groups>
    </groups>
    <test started-at="2024-11-16T22:52:10 ICT" name="Default test" finished-at="2024-11-16T22:52:10 ICT" duration-ms="61">
      <class name="automation.testsute.login">
        <test-method is-config="true" signature="init()[pri:0, instance:automation.testsute.login@c88a337]" started-at="2024-11-16T22:52:10 ICT" name="init" finished-at="2024-11-16T22:52:10 ICT" duration-ms="6" status="PASS">
          <reporter-output>
          </reporter-output>
        </test-method> <!-- init -->
        <test-method signature="testcase1()[pri:0, instance:automation.testsute.login@c88a337]" started-at="2024-11-16T22:52:10 ICT" name="testcase1" finished-at="2024-11-16T22:52:10 ICT" duration-ms="5" status="PASS">
          <reporter-output>
          </reporter-output>
        </test-method> <!-- testcase1 -->
        <test-method is-config="true" signature="init()[pri:0, instance:automation.testsute.login@c88a337]" started-at="2024-11-16T22:52:10 ICT" name="init" finished-at="2024-11-16T22:52:10 ICT" duration-ms="2" status="PASS">
          <reporter-output>
          </reporter-output>
        </test-method> <!-- init -->
        <test-method signature="testcase2()[pri:0, instance:automation.testsute.login@c88a337]" started-at="2024-11-16T22:52:10 ICT" name="testcase2" finished-at="2024-11-16T22:52:10 ICT" duration-ms="3" status="PASS">
          <reporter-output>
          </reporter-output>
        </test-method> <!-- testcase2 -->
      </class> <!-- automation.testsute.login -->
    </test> <!-- Default test -->
  </suite> <!-- Default suite -->
</testng-results>
